> Task :compileJava
> Task :processResources UP-TO-DATE
> Task :classes
> Task :jar
> Task :assemble
> Task :compileTestJava UP-TO-DATE
> Task :processTestResources NO-SOURCE
> Task :testClasses UP-TO-DATE

> Task :test FAILED

DivideByZeroTest > run[/Users/idoavnon/CSE 503/div-by-zero-checker-avnon/tests/dividebyzero] STANDARD_OUT
    To see the javac command line and output, run with: -Pemit.test.debug

DivideByZeroTest > run[/Users/idoavnon/CSE 503/div-by-zero-checker-avnon/tests/dividebyzero] FAILED
    java.lang.AssertionError: 0 out of 20 expected diagnostics were found.
    1 unexpected diagnostic was found:
      :-1: other: error: Error when invoking constructor org.checkerframework.checker.dividebyzero.DivByZeroVisitor(class org.checkerframework.common.basetype.BaseTypeChecker) on args [org.checkerframework.checker.dividebyzero.DivByZeroChecker@1b765a2c]; cause: Error when invoking constructor org.checkerframework.checker.dividebyzero.DivByZeroAnnotatedTypeFactory(class org.checkerframework.common.basetype.BaseTypeChecker) on args [org.checkerframework.checker.dividebyzero.DivByZeroChecker@1b765a2c]; cause: null
    20 expected diagnostics were not found:
      AssignmentProvidedTests.java:16: error: divide.by.zero
      AssignmentProvidedTests.java:19: error: divide.by.zero
      AssignmentProvidedTests.java:26: error: divide.by.zero
      AssignmentProvidedTests.java:35: error: divide.by.zero
      AssignmentProvidedTests.java:42: error: divide.by.zero
      AssignmentProvidedTests.java:47: error: divide.by.zero
      AssignmentProvidedTests.java:58: error: divide.by.zero
      AssignmentProvidedTests.java:67: error: divide.by.zero
      AssignmentProvidedTests.java:74: error: divide.by.zero
      AssignmentProvidedTests.java:82: error: divide.by.zero
      AssignmentProvidedTests.java:85: error: divide.by.zero
      AssignmentProvidedTests.java:88: error: divide.by.zero
      MyAbstractionTest.java:9: error: divide.by.zero
      Subtyping.java:18: error: assignment
      Subtyping.java:20: error: assignment
      Subtyping.java:22: error: assignment
      Subtyping.java:36: error: assignment
      Subtyping.java:38: error: assignment
      Subtyping.java:44: error: assignment
      Subtyping.java:47: error: assignment
        at org.junit.Assert.fail(Assert.java:89)
        at org.checkerframework.framework.test.TestUtilities.assertTestDidNotFail(TestUtilities.java:516)
        at org.checkerframework.framework.test.CheckerFrameworkRootedTest.checkResult(CheckerFrameworkRootedTest.java:31)
        at org.checkerframework.framework.test.CheckerFrameworkPerDirectoryTest.checkResult(CheckerFrameworkPerDirectoryTest.java:46)
        at org.checkerframework.framework.test.CheckerFrameworkPerDirectoryTest.run(CheckerFrameworkPerDirectoryTest.java:163)
        at java.base/jdk.internal.reflect.NativeMethodAccessorImpl.invoke0(Native Method)
        at java.base/jdk.internal.reflect.NativeMethodAccessorImpl.invoke(NativeMethodAccessorImpl.java:77)
        at java.base/jdk.internal.reflect.DelegatingMethodAccessorImpl.invoke(DelegatingMethodAccessorImpl.java:43)
        at java.base/java.lang.reflect.Method.invoke(Method.java:568)
        at org.junit.runners.model.FrameworkMethod$1.runReflectiveCall(FrameworkMethod.java:59)
        at org.junit.internal.runners.model.ReflectiveCallable.run(ReflectiveCallable.java:12)
        at org.junit.runners.model.FrameworkMethod.invokeExplosively(FrameworkMethod.java:56)
        at org.junit.internal.runners.statements.InvokeMethod.evaluate(InvokeMethod.java:17)
        at org.junit.runners.ParentRunner$3.evaluate(ParentRunner.java:306)
        at org.junit.runners.BlockJUnit4ClassRunner$1.evaluate(BlockJUnit4ClassRunner.java:100)
        at org.junit.runners.ParentRunner.runLeaf(ParentRunner.java:366)
        at org.junit.runners.BlockJUnit4ClassRunner.runChild(BlockJUnit4ClassRunner.java:103)
        at org.junit.runners.BlockJUnit4ClassRunner.runChild(BlockJUnit4ClassRunner.java:63)
        at org.junit.runners.ParentRunner$4.run(ParentRunner.java:331)
        at org.junit.runners.ParentRunner$1.schedule(ParentRunner.java:79)
        at org.junit.runners.ParentRunner.runChildren(ParentRunner.java:329)
        at org.junit.runners.ParentRunner.access$100(ParentRunner.java:66)
        at org.junit.runners.ParentRunner$2.evaluate(ParentRunner.java:293)
        at org.junit.runners.ParentRunner.run(ParentRunner.java:413)
        at org.junit.runners.Suite.runChild(Suite.java:128)
        at org.junit.runners.Suite.runChild(Suite.java:27)
        at org.junit.runners.ParentRunner$4.run(ParentRunner.java:331)
        at org.junit.runners.ParentRunner$1.schedule(ParentRunner.java:79)
        at org.junit.runners.ParentRunner.runChildren(ParentRunner.java:329)
        at org.junit.runners.ParentRunner.access$100(ParentRunner.java:66)
        at org.junit.runners.ParentRunner$2.evaluate(ParentRunner.java:293)
        at org.junit.runners.ParentRunner$3.evaluate(ParentRunner.java:306)
        at org.junit.runners.ParentRunner.run(ParentRunner.java:413)
        at org.gradle.api.internal.tasks.testing.junit.JUnitTestClassExecutor.runTestClass(JUnitTestClassExecutor.java:112)
        at org.gradle.api.internal.tasks.testing.junit.JUnitTestClassExecutor.execute(JUnitTestClassExecutor.java:58)
        at org.gradle.api.internal.tasks.testing.junit.JUnitTestClassExecutor.execute(JUnitTestClassExecutor.java:40)
        at org.gradle.api.internal.tasks.testing.junit.AbstractJUnitTestClassProcessor.processTestClass(AbstractJUnitTestClassProcessor.java:60)
        at org.gradle.api.internal.tasks.testing.SuiteTestClassProcessor.processTestClass(SuiteTestClassProcessor.java:52)
        at java.base/jdk.internal.reflect.NativeMethodAccessorImpl.invoke0(Native Method)
        at java.base/jdk.internal.reflect.NativeMethodAccessorImpl.invoke(NativeMethodAccessorImpl.java:77)
        at java.base/jdk.internal.reflect.DelegatingMethodAccessorImpl.invoke(DelegatingMethodAccessorImpl.java:43)
        at java.base/java.lang.reflect.Method.invoke(Method.java:568)
        at org.gradle.internal.dispatch.ReflectionDispatch.dispatch(ReflectionDispatch.java:36)
        at org.gradle.internal.dispatch.ReflectionDispatch.dispatch(ReflectionDispatch.java:24)
        at org.gradle.internal.dispatch.ContextClassLoaderDispatch.dispatch(ContextClassLoaderDispatch.java:33)
        at org.gradle.internal.dispatch.ProxyDispatchAdapter$DispatchingInvocationHandler.invoke(ProxyDispatchAdapter.java:94)
        at jdk.proxy1/jdk.proxy1.$Proxy2.processTestClass(Unknown Source)
        at org.gradle.api.internal.tasks.testing.worker.TestWorker$2.run(TestWorker.java:176)
        at org.gradle.api.internal.tasks.testing.worker.TestWorker.executeAndMaintainThreadName(TestWorker.java:129)
        at org.gradle.api.internal.tasks.testing.worker.TestWorker.execute(TestWorker.java:100)
        at org.gradle.api.internal.tasks.testing.worker.TestWorker.execute(TestWorker.java:60)
        at org.gradle.process.internal.worker.child.ActionExecutionWorker.execute(ActionExecutionWorker.java:56)
        at org.gradle.process.internal.worker.child.SystemApplicationClassLoaderWorker.call(SystemApplicationClassLoaderWorker.java:113)
        at org.gradle.process.internal.worker.child.SystemApplicationClassLoaderWorker.call(SystemApplicationClassLoaderWorker.java:65)
        at worker.org.gradle.process.internal.worker.GradleWorkerMain.run(GradleWorkerMain.java:69)
        at worker.org.gradle.process.internal.worker.GradleWorkerMain.main(GradleWorkerMain.java:74)

Deprecated Gradle features were used in this build, making it incompatible with Gradle 9.0.

You can use '--warning-mode all' to show the individual deprecation warnings and determine if they come from your own scripts or plugins.

For more on this, please refer to https://docs.gradle.org/8.7/userguide/command_line_interface.html#sec:command_line_warnings in the Gradle documentation.
5 actionable tasks: 3 executed, 2 up-to-date
